<?xml version="1.0" encoding="UTF-8"?>
<testng-results ignored="0" total="1" passed="1" failed="0" skipped="0">
  <reporter-output>
    <line>
      <![CDATA[OpenBrowser]]>
    </line>
    <line>
      <![CDATA[LoginToApp]]>
    </line>
    <line>
      <![CDATA[Logout]]>
    </line>
    <line>
      <![CDATA[closeBrowser]]>
    </line>
  </reporter-output>
  <suite started-at="2023-05-09T13:14:38 IST" name="Default suite" finished-at="2023-05-09T13:15:04 IST" duration-ms="25209">
    <groups>
    </groups>
    <test started-at="2023-05-09T13:14:38 IST" name="Default test" finished-at="2023-05-09T13:15:04 IST" duration-ms="25209">
      <class name="com.actitime.testscript.NewTasksModule">
        <test-method is-config="true" signature="OpenBrowser()[pri:0, instance:com.actitime.testscript.NewTasksModule@3148f668]" started-at="2023-05-09T13:14:38 IST" name="OpenBrowser" finished-at="2023-05-09T13:14:41 IST" duration-ms="2662" status="PASS">
          <reporter-output>
            <line>
              <![CDATA[OpenBrowser]]>
            </line>
          </reporter-output>
        </test-method> <!-- OpenBrowser -->
        <test-method is-config="true" signature="LoginToApp()[pri:0, instance:com.actitime.testscript.NewTasksModule@3148f668]" started-at="2023-05-09T13:14:41 IST" name="LoginToApp" finished-at="2023-05-09T13:14:54 IST" duration-ms="13083" status="PASS">
          <reporter-output>
            <line>
              <![CDATA[LoginToApp]]>
            </line>
          </reporter-output>
        </test-method> <!-- LoginToApp -->
        <test-method signature="NewTasks()[pri:0, instance:com.actitime.testscript.NewTasksModule@3148f668]" started-at="2023-05-09T13:14:54 IST" name="NewTasks" finished-at="2023-05-09T13:15:04 IST" duration-ms="9368" status="PASS">
          <reporter-output>
          </reporter-output>
        </test-method> <!-- NewTasks -->
        <test-method is-config="true" signature="Logout()[pri:0, instance:com.actitime.testscript.NewTasksModule@3148f668]" started-at="2023-05-09T13:15:04 IST" name="Logout" finished-at="2023-05-09T13:15:04 IST" duration-ms="1" status="PASS">
          <reporter-output>
            <line>
              <![CDATA[Logout]]>
            </line>
          </reporter-output>
        </test-method> <!-- Logout -->
        <test-method is-config="true" signature="closeBrowser()[pri:0, instance:com.actitime.testscript.NewTasksModule@3148f668]" started-at="2023-05-09T13:15:04 IST" name="closeBrowser" finished-at="2023-05-09T13:15:04 IST" duration-ms="0" status="PASS">
          <reporter-output>
            <line>
              <![CDATA[closeBrowser]]>
            </line>
          </reporter-output>
        </test-method> <!-- closeBrowser -->
      </class> <!-- com.actitime.testscript.NewTasksModule -->
    </test> <!-- Default test -->
  </suite> <!-- Default suite -->
</testng-results>
